<?xml version="1.0" encoding="UTF-8"?>
<!-- Generated by org.testng.reporters.JUnitReportReporter -->
<testsuite hostname="LAPTOP-9L5U5K8V" name="tt.runners.RunnerClass" tests="3" failures="0" timestamp="15 Dec 2021 21:24:52 GMT" time="121.287" errors="0">
  <testcase name="feature" time="19.695" classname="tt.runners.RunnerClass"/>
  <testcase name="feature" time="47.840" classname="tt.runners.RunnerClass"/>
  <testcase name="feature" time="53.752" classname="tt.runners.RunnerClass"/>
</testsuite> <!-- tt.runners.RunnerClass -->
